<?xml version="1.0" encoding="UTF-8"?>
<!-- Generated by org.testng.reporters.JUnitReportReporter -->
<testsuite skipped="0" hostname="Alec-PC" name="com.SDETtraining.ams.NewUser" tests="5" failures="0" timestamp="12 Jul 2017 16:55:04 GMT" time="40.899" errors="0">
  <testcase name="testNewUser" time="7.650" classname="com.SDETtraining.ams.NewUser"/>
  <testcase name="testNewUser" time="7.658" classname="com.SDETtraining.ams.NewUser"/>
  <testcase name="testNewUser" time="8.192" classname="com.SDETtraining.ams.NewUser"/>
  <testcase name="testNewUser" time="8.637" classname="com.SDETtraining.ams.NewUser"/>
  <testcase name="testNewUser" time="8.762" classname="com.SDETtraining.ams.NewUser"/>
</testsuite> <!-- com.SDETtraining.ams.NewUser -->
