<?xml version="1.0" encoding="UTF-8"?>
<!-- Generated by org.testng.reporters.JUnitReportReporter -->
<testsuite skipped="0" hostname="Alec-PC" name="tests.LoginTestPageFactory" tests="1" failures="0" timestamp="16 Jul 2017 04:24:04 GMT" time="11.597" errors="0">
  <testcase name="LoginTestCase" time="11.597" classname="tests.LoginTestPageFactory"/>
</testsuite> <!-- tests.LoginTestPageFactory -->
