<?xml version="1.0" encoding="UTF-8"?>
<!-- Generated by org.testng.reporters.JUnitReportReporter -->
<testsuite skipped="0" hostname="Alec-PC" name="com.SDETtraining.ams.Login" tests="5" failures="0" timestamp="12 Jul 2017 16:55:04 GMT" time="32.231" errors="0">
  <testcase name="testLogin" time="6.849" classname="com.SDETtraining.ams.Login"/>
  <testcase name="testLogin" time="6.504" classname="com.SDETtraining.ams.Login"/>
  <testcase name="testLogin" time="6.597" classname="com.SDETtraining.ams.Login"/>
  <testcase name="testLogin" time="6.224" classname="com.SDETtraining.ams.Login"/>
  <testcase name="testLogin" time="6.057" classname="com.SDETtraining.ams.Login"/>
</testsuite> <!-- com.SDETtraining.ams.Login -->
