<?xml version="1.0" encoding="UTF-8"?>
<!-- Generated by org.testng.reporters.JUnitReportReporter -->
<testsuite skipped="0" hostname="Alec-PC" name="com.SDETtraining.amazon.AmazonSearch" tests="4" failures="0" timestamp="13 Jul 2017 23:28:44 GMT" time="50.174" errors="0">
  <testcase name="testAddToCart" time="14.403" classname="com.SDETtraining.amazon.AmazonSearch"/>
  <testcase name="testAddToCart" time="12.584" classname="com.SDETtraining.amazon.AmazonSearch"/>
  <testcase name="testAddToCart" time="11.826" classname="com.SDETtraining.amazon.AmazonSearch"/>
  <testcase name="testAddToCart" time="11.361" classname="com.SDETtraining.amazon.AmazonSearch"/>
</testsuite> <!-- com.SDETtraining.amazon.AmazonSearch -->
