<?xml version="1.0" encoding="UTF-8"?>
<!-- Generated by org.testng.reporters.JUnitReportReporter -->
<testsuite skipped="0" hostname="Alec-PC" name="com.SDETtraining.ams.AccountManagementDDT" tests="10" failures="0" timestamp="12 Jul 2017 16:28:24 GMT" time="96.934" errors="0">
  <testcase name="NewUserTest" time="8.571" classname="com.SDETtraining.ams.AccountManagementDDT"/>
  <testcase name="NewUserTest" time="8.669" classname="com.SDETtraining.ams.AccountManagementDDT"/>
  <testcase name="NewUserTest" time="10.656" classname="com.SDETtraining.ams.AccountManagementDDT"/>
  <testcase name="NewUserTest" time="8.764" classname="com.SDETtraining.ams.AccountManagementDDT"/>
  <testcase name="NewUserTest" time="11.726" classname="com.SDETtraining.ams.AccountManagementDDT"/>
  <testcase name="LoginTest" time="11.051" classname="com.SDETtraining.ams.AccountManagementDDT"/>
  <testcase name="LoginTest" time="9.515" classname="com.SDETtraining.ams.AccountManagementDDT"/>
  <testcase name="LoginTest" time="13.029" classname="com.SDETtraining.ams.AccountManagementDDT"/>
  <testcase name="LoginTest" time="7.015" classname="com.SDETtraining.ams.AccountManagementDDT"/>
  <testcase name="LoginTest" time="7.938" classname="com.SDETtraining.ams.AccountManagementDDT"/>
</testsuite> <!-- com.SDETtraining.ams.AccountManagementDDT -->
