<?xml version="1.0" encoding="UTF-8"?>
<!-- Generated by org.testng.reporters.JUnitReportReporter -->
<testsuite skipped="0" hostname="Alec-PC" name="com.SDETtraining.demo.TestNGDataProvider" tests="15" failures="0" timestamp="12 Jul 2017 00:25:30 GMT" time="0.027" errors="0">
  <testcase name="ExcelTest" time="0.000" classname="com.SDETtraining.demo.TestNGDataProvider"/>
  <testcase name="ExcelTest" time="0.001" classname="com.SDETtraining.demo.TestNGDataProvider"/>
  <testcase name="ExcelTest" time="0.002" classname="com.SDETtraining.demo.TestNGDataProvider"/>
  <testcase name="ExcelTest" time="0.011" classname="com.SDETtraining.demo.TestNGDataProvider"/>
  <testcase name="ExcelTest" time="0.001" classname="com.SDETtraining.demo.TestNGDataProvider"/>
  <testcase name="ExcelTest" time="0.001" classname="com.SDETtraining.demo.TestNGDataProvider"/>
  <testcase name="ExcelTest" time="0.001" classname="com.SDETtraining.demo.TestNGDataProvider"/>
  <testcase name="ExcelTest" time="0.002" classname="com.SDETtraining.demo.TestNGDataProvider"/>
  <testcase name="ExcelTest" time="0.001" classname="com.SDETtraining.demo.TestNGDataProvider"/>
  <testcase name="ExcelTest" time="0.000" classname="com.SDETtraining.demo.TestNGDataProvider"/>
  <testcase name="ExcelTest" time="0.003" classname="com.SDETtraining.demo.TestNGDataProvider"/>
  <testcase name="ExcelTest" time="0.001" classname="com.SDETtraining.demo.TestNGDataProvider"/>
  <testcase name="ExcelTest" time="0.001" classname="com.SDETtraining.demo.TestNGDataProvider"/>
  <testcase name="ExcelTest" time="0.001" classname="com.SDETtraining.demo.TestNGDataProvider"/>
  <testcase name="ExcelTest" time="0.001" classname="com.SDETtraining.demo.TestNGDataProvider"/>
</testsuite> <!-- com.SDETtraining.demo.TestNGDataProvider -->
