<?xml version="1.0" encoding="UTF-8"?>
<!-- Generated by org.testng.reporters.JUnitReportReporter -->
<testsuite skipped="0" hostname="Alec-PC" name="com.SDETtraining.amazon.AmazonSearch" tests="4" failures="0" timestamp="14 Jul 2017 00:50:36 GMT" time="54.448" errors="0">
  <testcase name="testAddToCart" time="14.471" classname="com.SDETtraining.amazon.AmazonSearch"/>
  <testcase name="testAddToCart" time="13.798" classname="com.SDETtraining.amazon.AmazonSearch"/>
  <testcase name="testAddToCart" time="13.998" classname="com.SDETtraining.amazon.AmazonSearch"/>
  <testcase name="testAddToCart" time="12.181" classname="com.SDETtraining.amazon.AmazonSearch"/>
</testsuite> <!-- com.SDETtraining.amazon.AmazonSearch -->
